Determining if the pthread_create exist failed with the following output:
Change Dir: /media/marzan/data storage/C++/Modern C++/code_example/cmake_list/build/CMakeFiles/CMakeTmp

Run Build Command:"/usr/bin/make" "cmTC_f2509/fast"
/usr/bin/make -f CMakeFiles/cmTC_f2509.dir/build.make CMakeFiles/cmTC_f2509.dir/build
make[1]: Entering directory '/media/marzan/data storage/C++/Modern C++/code_example/cmake_list/build/CMakeFiles/CMakeTmp'
Building C object CMakeFiles/cmTC_f2509.dir/CheckSymbolExists.c.o
/usr/bin/cc    -o CMakeFiles/cmTC_f2509.dir/CheckSymbolExists.c.o   -c "/media/marzan/data storage/C++/Modern C++/code_example/cmake_list/build/CMakeFiles/CMakeTmp/CheckSymbolExists.c"
Linking C executable cmTC_f2509
/usr/bin/cmake -E cmake_link_script CMakeFiles/cmTC_f2509.dir/link.txt --verbose=1
/usr/bin/cc      -rdynamic CMakeFiles/cmTC_f2509.dir/CheckSymbolExists.c.o  -o cmTC_f2509 
CMakeFiles/cmTC_f2509.dir/CheckSymbolExists.c.o: In function `main':
CheckSymbolExists.c:(.text+0x1b): undefined reference to `pthread_create'
collect2: error: ld returned 1 exit status
CMakeFiles/cmTC_f2509.dir/build.make:97: recipe for target 'cmTC_f2509' failed
make[1]: *** [cmTC_f2509] Error 1
make[1]: Leaving directory '/media/marzan/data storage/C++/Modern C++/code_example/cmake_list/build/CMakeFiles/CMakeTmp'
Makefile:126: recipe for target 'cmTC_f2509/fast' failed
make: *** [cmTC_f2509/fast] Error 2

File /media/marzan/data storage/C++/Modern C++/code_example/cmake_list/build/CMakeFiles/CMakeTmp/CheckSymbolExists.c:
/* */
#include <pthread.h>

int main(int argc, char** argv)
{
  (void)argv;
#ifndef pthread_create
  return ((int*)(&pthread_create))[argc];
#else
  (void)argc;
  return 0;
#endif
}

Determining if the function pthread_create exists in the pthreads failed with the following output:
Change Dir: /media/marzan/data storage/C++/Modern C++/code_example/cmake_list/build/CMakeFiles/CMakeTmp

Run Build Command:"/usr/bin/make" "cmTC_ae007/fast"
/usr/bin/make -f CMakeFiles/cmTC_ae007.dir/build.make CMakeFiles/cmTC_ae007.dir/build
make[1]: Entering directory '/media/marzan/data storage/C++/Modern C++/code_example/cmake_list/build/CMakeFiles/CMakeTmp'
Building C object CMakeFiles/cmTC_ae007.dir/CheckFunctionExists.c.o
/usr/bin/cc   -DCHECK_FUNCTION_EXISTS=pthread_create   -o CMakeFiles/cmTC_ae007.dir/CheckFunctionExists.c.o   -c /usr/share/cmake-3.10/Modules/CheckFunctionExists.c
Linking C executable cmTC_ae007
/usr/bin/cmake -E cmake_link_script CMakeFiles/cmTC_ae007.dir/link.txt --verbose=1
/usr/bin/cc  -DCHECK_FUNCTION_EXISTS=pthread_create    -rdynamic CMakeFiles/cmTC_ae007.dir/CheckFunctionExists.c.o  -o cmTC_ae007 -lpthreads 
/usr/bin/ld: cannot find -lpthreads
collect2: error: ld returned 1 exit status
CMakeFiles/cmTC_ae007.dir/build.make:97: recipe for target 'cmTC_ae007' failed
make[1]: *** [cmTC_ae007] Error 1
make[1]: Leaving directory '/media/marzan/data storage/C++/Modern C++/code_example/cmake_list/build/CMakeFiles/CMakeTmp'
Makefile:126: recipe for target 'cmTC_ae007/fast' failed
make: *** [cmTC_ae007/fast] Error 2


